Info: *******************************************************************
Info: Running Quartus Prime Analysis & Synthesis
    Info: Version 23.1std.1 Build 993 05/14/2024 SC Lite Edition
    Info: Copyright (C) 2024  Intel Corporation. All rights reserved.
    Info: Your use of Intel Corporation's design tools, logic functions 
    Info: and other software and tools, and any partner logic 
    Info: functions, and any output files from any of the foregoing 
    Info: (including device programming or simulation files), and any 
    Info: associated documentation or information are expressly subject 
    Info: to the terms and conditions of the Intel Program License 
    Info: Subscription Agreement, the Intel Quartus Prime License Agreement,
    Info: the Intel FPGA IP License Agreement, or other applicable license
    Info: agreement, including, without limitation, that your use is for
    Info: the sole purpose of programming logic devices manufactured by
    Info: Intel and sold by Intel or its authorized distributors.  Please
    Info: refer to the applicable agreement for further details, at
    Info: https://fpgasoftware.intel.com/eula.
    Info: Processing started: Wed Jan 21 08:28:33 2026
Info: Command: quartus_map --read_settings_files=on --write_settings_files=off top -c top
Warning (18236): Number of processors has not been specified which may cause overloading on shared machines.  Set the global assignment NUM_PARALLEL_PROCESSORS in your QSF to an appropriate value for best performance.
Info (20030): Parallel compilation is enabled and will use 6 of the 6 processors detected
Info (12021): Found 1 design units, including 1 entities, in source file top.v
    Info (12023): Found entity 1: top File: /home/taher/verilog_code/projects/risc/pipelined/top.v Line: 1
Info (12127): Elaborating entity "top" for the top level hierarchy
Warning (10230): Verilog HDL assignment warning at top.v(115): truncated value with size 64 to match size of target (32) File: /home/taher/verilog_code/projects/risc/pipelined/top.v Line: 115
Warning (12125): Using design file rca.v, which is not specified as a design file for the current project, but contains definitions for 1 design units and 1 entities in project
    Info (12023): Found entity 1: rca File: /home/taher/verilog_code/projects/risc/pipelined/rca.v Line: 1
Info (12128): Elaborating entity "rca" for hierarchy "rca:adder1" File: /home/taher/verilog_code/projects/risc/pipelined/top.v Line: 122
Warning (12125): Using design file full_adder.v, which is not specified as a design file for the current project, but contains definitions for 1 design units and 1 entities in project
    Info (12023): Found entity 1: full_adder File: /home/taher/verilog_code/projects/risc/pipelined/full_adder.v Line: 1
Info (12128): Elaborating entity "full_adder" for hierarchy "rca:adder1|full_adder:stage[0].FA" File: /home/taher/verilog_code/projects/risc/pipelined/rca.v Line: 29
Warning (12125): Using design file half_adder.v, which is not specified as a design file for the current project, but contains definitions for 1 design units and 1 entities in project
    Info (12023): Found entity 1: half_adder File: /home/taher/verilog_code/projects/risc/pipelined/half_adder.v Line: 1
Info (12128): Elaborating entity "half_adder" for hierarchy "rca:adder1|full_adder:stage[0].FA|half_adder:HA0" File: /home/taher/verilog_code/projects/risc/pipelined/full_adder.v Line: 14
Warning (12125): Using design file prog_count.v, which is not specified as a design file for the current project, but contains definitions for 1 design units and 1 entities in project
    Info (12023): Found entity 1: prog_count File: /home/taher/verilog_code/projects/risc/pipelined/prog_count.v Line: 6
Info (12128): Elaborating entity "prog_count" for hierarchy "prog_count:Program_counter" File: /home/taher/verilog_code/projects/risc/pipelined/top.v Line: 130
Warning (12125): Using design file instruction_mem.v, which is not specified as a design file for the current project, but contains definitions for 1 design units and 1 entities in project
    Info (12023): Found entity 1: instruction_mem File: /home/taher/verilog_code/projects/risc/pipelined/instruction_mem.v Line: 1
Info (12128): Elaborating entity "instruction_mem" for hierarchy "instruction_mem:Instruction_MEM" File: /home/taher/verilog_code/projects/risc/pipelined/top.v Line: 136
Warning (10030): Net "mem.data_a" at instruction_mem.v(16) has no driver or initial value, using a default initial value '0' File: /home/taher/verilog_code/projects/risc/pipelined/instruction_mem.v Line: 16
Warning (10030): Net "mem.waddr_a" at instruction_mem.v(16) has no driver or initial value, using a default initial value '0' File: /home/taher/verilog_code/projects/risc/pipelined/instruction_mem.v Line: 16
Warning (10030): Net "mem.we_a" at instruction_mem.v(16) has no driver or initial value, using a default initial value '0' File: /home/taher/verilog_code/projects/risc/pipelined/instruction_mem.v Line: 16
Warning (12125): Using design file control_unit.v, which is not specified as a design file for the current project, but contains definitions for 1 design units and 1 entities in project
    Info (12023): Found entity 1: control_unit File: /home/taher/verilog_code/projects/risc/pipelined/control_unit.v Line: 1
Info (12128): Elaborating entity "control_unit" for hierarchy "control_unit:Control_Unit" File: /home/taher/verilog_code/projects/risc/pipelined/top.v Line: 157
Warning (12125): Using design file reg_file.v, which is not specified as a design file for the current project, but contains definitions for 1 design units and 1 entities in project
    Info (12023): Found entity 1: reg_file File: /home/taher/verilog_code/projects/risc/pipelined/reg_file.v Line: 1
Info (12128): Elaborating entity "reg_file" for hierarchy "reg_file:Reg_file" File: /home/taher/verilog_code/projects/risc/pipelined/top.v Line: 170
Warning (12125): Using design file immgen.v, which is not specified as a design file for the current project, but contains definitions for 1 design units and 1 entities in project
    Info (12023): Found entity 1: immgen File: /home/taher/verilog_code/projects/risc/pipelined/immgen.v Line: 1
Info (12128): Elaborating entity "immgen" for hierarchy "immgen:ImmGen" File: /home/taher/verilog_code/projects/risc/pipelined/top.v Line: 178
Warning (12125): Using design file alu.v, which is not specified as a design file for the current project, but contains definitions for 1 design units and 1 entities in project
    Info (12023): Found entity 1: alu File: /home/taher/verilog_code/projects/risc/pipelined/alu.v Line: 1
Info (12128): Elaborating entity "alu" for hierarchy "alu:ALU" File: /home/taher/verilog_code/projects/risc/pipelined/top.v Line: 239
Warning (12125): Using design file alu_control.v, which is not specified as a design file for the current project, but contains definitions for 1 design units and 1 entities in project
    Info (12023): Found entity 1: alu_control File: /home/taher/verilog_code/projects/risc/pipelined/alu_control.v Line: 1
Info (12128): Elaborating entity "alu_control" for hierarchy "alu_control:ALU_Control" File: /home/taher/verilog_code/projects/risc/pipelined/top.v Line: 247
Warning (12125): Using design file data_mem.v, which is not specified as a design file for the current project, but contains definitions for 1 design units and 1 entities in project
    Info (12023): Found entity 1: data_mem File: /home/taher/verilog_code/projects/risc/pipelined/data_mem.v Line: 1
Info (12128): Elaborating entity "data_mem" for hierarchy "data_mem:Data_MEM" File: /home/taher/verilog_code/projects/risc/pipelined/top.v Line: 292
Warning (12011): Net is missing source, defaulting to GND
    Warning (12110): Net "prog_counter_addr[31]" is missing source, defaulting to GND File: /home/taher/verilog_code/projects/risc/pipelined/top.v Line: 44
    Warning (12110): Net "prog_counter_addr[30]" is missing source, defaulting to GND File: /home/taher/verilog_code/projects/risc/pipelined/top.v Line: 44
    Warning (12110): Net "prog_counter_addr[29]" is missing source, defaulting to GND File: /home/taher/verilog_code/projects/risc/pipelined/top.v Line: 44
    Warning (12110): Net "prog_counter_addr[28]" is missing source, defaulting to GND File: /home/taher/verilog_code/projects/risc/pipelined/top.v Line: 44
    Warning (12110): Net "prog_counter_addr[27]" is missing source, defaulting to GND File: /home/taher/verilog_code/projects/risc/pipelined/top.v Line: 44
    Warning (12110): Net "prog_counter_addr[26]" is missing source, defaulting to GND File: /home/taher/verilog_code/projects/risc/pipelined/top.v Line: 44
    Warning (12110): Net "prog_counter_addr[25]" is missing source, defaulting to GND File: /home/taher/verilog_code/projects/risc/pipelined/top.v Line: 44
    Warning (12110): Net "prog_counter_addr[24]" is missing source, defaulting to GND File: /home/taher/verilog_code/projects/risc/pipelined/top.v Line: 44
    Warning (12110): Net "prog_counter_addr[23]" is missing source, defaulting to GND File: /home/taher/verilog_code/projects/risc/pipelined/top.v Line: 44
    Warning (12110): Net "prog_counter_addr[22]" is missing source, defaulting to GND File: /home/taher/verilog_code/projects/risc/pipelined/top.v Line: 44
    Warning (12110): Net "prog_counter_addr[21]" is missing source, defaulting to GND File: /home/taher/verilog_code/projects/risc/pipelined/top.v Line: 44
    Warning (12110): Net "prog_counter_addr[20]" is missing source, defaulting to GND File: /home/taher/verilog_code/projects/risc/pipelined/top.v Line: 44
    Warning (12110): Net "prog_counter_addr[19]" is missing source, defaulting to GND File: /home/taher/verilog_code/projects/risc/pipelined/top.v Line: 44
    Warning (12110): Net "prog_counter_addr[18]" is missing source, defaulting to GND File: /home/taher/verilog_code/projects/risc/pipelined/top.v Line: 44
    Warning (12110): Net "prog_counter_addr[17]" is missing source, defaulting to GND File: /home/taher/verilog_code/projects/risc/pipelined/top.v Line: 44
    Warning (12110): Net "prog_counter_addr[16]" is missing source, defaulting to GND File: /home/taher/verilog_code/projects/risc/pipelined/top.v Line: 44
    Warning (12110): Net "prog_counter_addr[15]" is missing source, defaulting to GND File: /home/taher/verilog_code/projects/risc/pipelined/top.v Line: 44
    Warning (12110): Net "prog_counter_addr[14]" is missing source, defaulting to GND File: /home/taher/verilog_code/projects/risc/pipelined/top.v Line: 44
    Warning (12110): Net "prog_counter_addr[13]" is missing source, defaulting to GND File: /home/taher/verilog_code/projects/risc/pipelined/top.v Line: 44
    Warning (12110): Net "prog_counter_addr[12]" is missing source, defaulting to GND File: /home/taher/verilog_code/projects/risc/pipelined/top.v Line: 44
    Warning (12110): Net "prog_counter_addr[11]" is missing source, defaulting to GND File: /home/taher/verilog_code/projects/risc/pipelined/top.v Line: 44
    Warning (12110): Net "prog_counter_addr[10]" is missing source, defaulting to GND File: /home/taher/verilog_code/projects/risc/pipelined/top.v Line: 44
Warning (12011): Net is missing source, defaulting to GND
    Warning (12110): Net "prog_counter_addr[31]" is missing source, defaulting to GND File: /home/taher/verilog_code/projects/risc/pipelined/top.v Line: 44
    Warning (12110): Net "prog_counter_addr[30]" is missing source, defaulting to GND File: /home/taher/verilog_code/projects/risc/pipelined/top.v Line: 44
    Warning (12110): Net "prog_counter_addr[29]" is missing source, defaulting to GND File: /home/taher/verilog_code/projects/risc/pipelined/top.v Line: 44
    Warning (12110): Net "prog_counter_addr[28]" is missing source, defaulting to GND File: /home/taher/verilog_code/projects/risc/pipelined/top.v Line: 44
    Warning (12110): Net "prog_counter_addr[27]" is missing source, defaulting to GND File: /home/taher/verilog_code/projects/risc/pipelined/top.v Line: 44
    Warning (12110): Net "prog_counter_addr[26]" is missing source, defaulting to GND File: /home/taher/verilog_code/projects/risc/pipelined/top.v Line: 44
    Warning (12110): Net "prog_counter_addr[25]" is missing source, defaulting to GND File: /home/taher/verilog_code/projects/risc/pipelined/top.v Line: 44
    Warning (12110): Net "prog_counter_addr[24]" is missing source, defaulting to GND File: /home/taher/verilog_code/projects/risc/pipelined/top.v Line: 44
    Warning (12110): Net "prog_counter_addr[23]" is missing source, defaulting to GND File: /home/taher/verilog_code/projects/risc/pipelined/top.v Line: 44
    Warning (12110): Net "prog_counter_addr[22]" is missing source, defaulting to GND File: /home/taher/verilog_code/projects/risc/pipelined/top.v Line: 44
    Warning (12110): Net "prog_counter_addr[21]" is missing source, defaulting to GND File: /home/taher/verilog_code/projects/risc/pipelined/top.v Line: 44
    Warning (12110): Net "prog_counter_addr[20]" is missing source, defaulting to GND File: /home/taher/verilog_code/projects/risc/pipelined/top.v Line: 44
    Warning (12110): Net "prog_counter_addr[19]" is missing source, defaulting to GND File: /home/taher/verilog_code/projects/risc/pipelined/top.v Line: 44
    Warning (12110): Net "prog_counter_addr[18]" is missing source, defaulting to GND File: /home/taher/verilog_code/projects/risc/pipelined/top.v Line: 44
    Warning (12110): Net "prog_counter_addr[17]" is missing source, defaulting to GND File: /home/taher/verilog_code/projects/risc/pipelined/top.v Line: 44
    Warning (12110): Net "prog_counter_addr[16]" is missing source, defaulting to GND File: /home/taher/verilog_code/projects/risc/pipelined/top.v Line: 44
    Warning (12110): Net "prog_counter_addr[15]" is missing source, defaulting to GND File: /home/taher/verilog_code/projects/risc/pipelined/top.v Line: 44
    Warning (12110): Net "prog_counter_addr[14]" is missing source, defaulting to GND File: /home/taher/verilog_code/projects/risc/pipelined/top.v Line: 44
    Warning (12110): Net "prog_counter_addr[13]" is missing source, defaulting to GND File: /home/taher/verilog_code/projects/risc/pipelined/top.v Line: 44
    Warning (12110): Net "prog_counter_addr[12]" is missing source, defaulting to GND File: /home/taher/verilog_code/projects/risc/pipelined/top.v Line: 44
    Warning (12110): Net "prog_counter_addr[11]" is missing source, defaulting to GND File: /home/taher/verilog_code/projects/risc/pipelined/top.v Line: 44
    Warning (12110): Net "prog_counter_addr[10]" is missing source, defaulting to GND File: /home/taher/verilog_code/projects/risc/pipelined/top.v Line: 44
Info (19000): Inferred 3 megafunctions from design logic
    Info (276029): Inferred altsyncram megafunction from the following design logic: "instruction_mem:Instruction_MEM|mem_rtl_0" 
        Info (286033): Parameter OPERATION_MODE set to ROM
        Info (286033): Parameter WIDTH_A set to 32
        Info (286033): Parameter WIDTHAD_A set to 10
        Info (286033): Parameter NUMWORDS_A set to 1024
        Info (286033): Parameter OUTDATA_REG_A set to UNREGISTERED
        Info (286033): Parameter ADDRESS_ACLR_A set to NONE
        Info (286033): Parameter OUTDATA_ACLR_A set to NONE
        Info (286033): Parameter INDATA_ACLR_A set to NONE
        Info (286033): Parameter WRCONTROL_ACLR_A set to NONE
        Info (286033): Parameter RAM_BLOCK_TYPE set to M9K
        Info (286033): Parameter INIT_FILE set to db/top.ram0_instruction_mem_8ed0968d.hdl.mif
    Info (276029): Inferred altsyncram megafunction from the following design logic: "reg_file:Reg_file|mem_rtl_0" 
        Info (286033): Parameter OPERATION_MODE set to DUAL_PORT
        Info (286033): Parameter WIDTH_A set to 32
        Info (286033): Parameter WIDTHAD_A set to 5
        Info (286033): Parameter NUMWORDS_A set to 32
        Info (286033): Parameter WIDTH_B set to 32
        Info (286033): Parameter WIDTHAD_B set to 5
        Info (286033): Parameter NUMWORDS_B set to 32
        Info (286033): Parameter ADDRESS_ACLR_A set to NONE
        Info (286033): Parameter OUTDATA_REG_B set to UNREGISTERED
        Info (286033): Parameter ADDRESS_ACLR_B set to NONE
        Info (286033): Parameter OUTDATA_ACLR_B set to NONE
        Info (286033): Parameter ADDRESS_REG_B set to CLOCK0
        Info (286033): Parameter INDATA_ACLR_A set to NONE
        Info (286033): Parameter WRCONTROL_ACLR_A set to NONE
        Info (286033): Parameter RAM_BLOCK_TYPE set to M9K
        Info (286033): Parameter READ_DURING_WRITE_MODE_MIXED_PORTS set to OLD_DATA
    Info (276029): Inferred altsyncram megafunction from the following design logic: "reg_file:Reg_file|mem_rtl_1" 
        Info (286033): Parameter OPERATION_MODE set to DUAL_PORT
        Info (286033): Parameter WIDTH_A set to 32
        Info (286033): Parameter WIDTHAD_A set to 5
        Info (286033): Parameter NUMWORDS_A set to 32
        Info (286033): Parameter WIDTH_B set to 32
        Info (286033): Parameter WIDTHAD_B set to 5
        Info (286033): Parameter NUMWORDS_B set to 32
        Info (286033): Parameter ADDRESS_ACLR_A set to NONE
        Info (286033): Parameter OUTDATA_REG_B set to UNREGISTERED
        Info (286033): Parameter ADDRESS_ACLR_B set to NONE
        Info (286033): Parameter OUTDATA_ACLR_B set to NONE
        Info (286033): Parameter ADDRESS_REG_B set to CLOCK0
        Info (286033): Parameter INDATA_ACLR_A set to NONE
        Info (286033): Parameter WRCONTROL_ACLR_A set to NONE
        Info (286033): Parameter RAM_BLOCK_TYPE set to M9K
        Info (286033): Parameter READ_DURING_WRITE_MODE_MIXED_PORTS set to OLD_DATA
Info (12130): Elaborated megafunction instantiation "instruction_mem:Instruction_MEM|altsyncram:mem_rtl_0"
Info (12133): Instantiated megafunction "instruction_mem:Instruction_MEM|altsyncram:mem_rtl_0" with the following parameter:
    Info (12134): Parameter "OPERATION_MODE" = "ROM"
    Info (12134): Parameter "WIDTH_A" = "32"
    Info (12134): Parameter "WIDTHAD_A" = "10"
    Info (12134): Parameter "NUMWORDS_A" = "1024"
    Info (12134): Parameter "OUTDATA_REG_A" = "UNREGISTERED"
    Info (12134): Parameter "ADDRESS_ACLR_A" = "NONE"
    Info (12134): Parameter "OUTDATA_ACLR_A" = "NONE"
    Info (12134): Parameter "INDATA_ACLR_A" = "NONE"
    Info (12134): Parameter "WRCONTROL_ACLR_A" = "NONE"
    Info (12134): Parameter "RAM_BLOCK_TYPE" = "M9K"
    Info (12134): Parameter "INIT_FILE" = "db/top.ram0_instruction_mem_8ed0968d.hdl.mif"
Info (12021): Found 1 design units, including 1 entities, in source file db/altsyncram_id91.tdf
    Info (12023): Found entity 1: altsyncram_id91 File: /home/taher/verilog_code/projects/risc/pipelined/db/altsyncram_id91.tdf Line: 28
Info (12130): Elaborated megafunction instantiation "reg_file:Reg_file|altsyncram:mem_rtl_0"
Info (12133): Instantiated megafunction "reg_file:Reg_file|altsyncram:mem_rtl_0" with the following parameter:
    Info (12134): Parameter "OPERATION_MODE" = "DUAL_PORT"
    Info (12134): Parameter "WIDTH_A" = "32"
    Info (12134): Parameter "WIDTHAD_A" = "5"
    Info (12134): Parameter "NUMWORDS_A" = "32"
    Info (12134): Parameter "WIDTH_B" = "32"
    Info (12134): Parameter "WIDTHAD_B" = "5"
    Info (12134): Parameter "NUMWORDS_B" = "32"
    Info (12134): Parameter "ADDRESS_ACLR_A" = "NONE"
    Info (12134): Parameter "OUTDATA_REG_B" = "UNREGISTERED"
    Info (12134): Parameter "ADDRESS_ACLR_B" = "NONE"
    Info (12134): Parameter "OUTDATA_ACLR_B" = "NONE"
    Info (12134): Parameter "ADDRESS_REG_B" = "CLOCK0"
    Info (12134): Parameter "INDATA_ACLR_A" = "NONE"
    Info (12134): Parameter "WRCONTROL_ACLR_A" = "NONE"
    Info (12134): Parameter "RAM_BLOCK_TYPE" = "M9K"
    Info (12134): Parameter "READ_DURING_WRITE_MODE_MIXED_PORTS" = "OLD_DATA"
Info (12021): Found 1 design units, including 1 entities, in source file db/altsyncram_boi1.tdf
    Info (12023): Found entity 1: altsyncram_boi1 File: /home/taher/verilog_code/projects/risc/pipelined/db/altsyncram_boi1.tdf Line: 28
Warning (12241): 4 hierarchies have connectivity warnings - see the Connectivity Checks report folder
Warning (13024): Output pins are stuck at VCC or GND
    Warning (13410): Pin "alu_sel_test[3]" is stuck at GND File: /home/taher/verilog_code/projects/risc/pipelined/top.v Line: 22
Info (286030): Timing-Driven Synthesis is running
Info (17049): 24 registers lost all their fanouts during netlist optimizations.
Info (16010): Generating hard_block partition "hard_block:auto_generated_inst"
    Info (16011): Adding 0 node(s), including 0 DDIO, 0 PLL, 0 transceiver and 0 LCELL
Info (21057): Implemented 540 device resources after synthesis - the final resource count might be different
    Info (21058): Implemented 2 input pins
    Info (21059): Implemented 77 output pins
    Info (21061): Implemented 365 logic cells
    Info (21064): Implemented 96 RAM segments
Info: Quartus Prime Analysis & Synthesis was successful. 0 errors, 65 warnings
    Info: Peak virtual memory: 420 megabytes
    Info: Processing ended: Wed Jan 21 08:28:39 2026
    Info: Elapsed time: 00:00:06
    Info: Total CPU time (on all processors): 00:00:12
Info: *******************************************************************
Info: Running Quartus Prime Fitter
    Info: Version 23.1std.1 Build 993 05/14/2024 SC Lite Edition
    Info: Copyright (C) 2024  Intel Corporation. All rights reserved.
    Info: Your use of Intel Corporation's design tools, logic functions 
    Info: and other software and tools, and any partner logic 
    Info: functions, and any output files from any of the foregoing 
    Info: (including device programming or simulation files), and any 
    Info: associated documentation or information are expressly subject 
    Info: to the terms and conditions of the Intel Program License 
    Info: Subscription Agreement, the Intel Quartus Prime License Agreement,
    Info: the Intel FPGA IP License Agreement, or other applicable license
    Info: agreement, including, without limitation, that your use is for
    Info: the sole purpose of programming logic devices manufactured by
    Info: Intel and sold by Intel or its authorized distributors.  Please
    Info: refer to the applicable agreement for further details, at
    Info: https://fpgasoftware.intel.com/eula.
    Info: Processing started: Wed Jan 21 08:28:39 2026
Info: Command: quartus_fit --read_settings_files=off --write_settings_files=off top -c top
Info: qfit2_default_script.tcl version: #1
Info: Project  = top
Info: Revision = top
Warning (18236): Number of processors has not been specified which may cause overloading on shared machines.  Set the global assignment NUM_PARALLEL_PROCESSORS in your QSF to an appropriate value for best performance.
Info (20030): Parallel compilation is enabled and will use 6 of the 6 processors detected
Info (119006): Selected device EP4CE6E22C8 for design "top"
Info (21076): High junction temperature operating condition is not set. Assuming a default value of '85'.
Info (21076): Low junction temperature operating condition is not set. Assuming a default value of '0'.
Info (171003): Fitter is performing an Auto Fit compilation, which may decrease Fitter effort to reduce compilation time
Warning (292013): Feature LogicLock is only available with a valid subscription license. You can purchase a software subscription to gain full access to this feature.
Info (176444): Device migration not selected. If you intend to use device migration later, you may need to change the pin assignments as they may be incompatible with other devices
    Info (176445): Device EP4CE10E22C8 is compatible
    Info (176445): Device EP4CE15E22C8 is compatible
    Info (176445): Device EP4CE22E22C8 is compatible
Info (169124): Fitter converted 5 user pins into dedicated programming pins
    Info (169125): Pin ~ALTERA_ASDO_DATA1~ is reserved at location 6
    Info (169125): Pin ~ALTERA_FLASH_nCE_nCSO~ is reserved at location 8
    Info (169125): Pin ~ALTERA_DCLK~ is reserved at location 12
    Info (169125): Pin ~ALTERA_DATA0~ is reserved at location 13
    Info (169125): Pin ~ALTERA_nCEO~ is reserved at location 101
Warning (15714): Some pins have incomplete I/O assignments. Refer to the I/O Assignment Warnings report for details
Info (176045): Design uses memory blocks. Violating setup or hold times of memory block address registers for either read or write operations could cause memory contents to be corrupted. Make sure that all memory block address registers meet the setup and hold time requirements.
Critical Warning (169085): No exact pin location assignment(s) for 79 pins of 79 total pins. For the list of pins please refer to the I/O Assignment Warnings table in the fitter report.
Critical Warning (332012): Synopsys Design Constraints File file not found: 'top.sdc'. A Synopsys Design Constraints File is required by the Timing Analyzer to get proper timing constraints. Without it, the Compiler will not properly optimize the design.
Info (332144): No user constrained base clocks found in the design
Info (332143): No user constrained clock uncertainty found in the design. Calling "derive_clock_uncertainty"
Info (332154): The derive_clock_uncertainty command did not apply clock uncertainty to any clock-to-clock transfers.
Info (332130): Timing requirements not specified -- quality metrics such as performance may be sacrificed to reduce compilation time.
Info (176353): Automatically promoted node clk~input (placed in PIN 23 (CLK1, DIFFCLK_0n)) File: /home/taher/verilog_code/projects/risc/pipelined/top.v Line: 2
    Info (176355): Automatically promoted destinations to use location or clock signal Global Clock CLKCTRL_G2
Info (176233): Starting register packing
Info (176235): Finished register packing
    Extra Info (176219): No registers were packed into other blocks
Info (176214): Statistics of I/O pins that need to be placed that use the same VCCIO and VREF, before I/O pin placement
    Info (176211): Number of I/O pins in group: 78 (unused VREF, 2.5V VCCIO, 1 input, 77 output, 0 bidirectional)
        Info (176212): I/O standards used: 2.5 V.
Info (176215): I/O bank details before I/O pin placement
    Info (176214): Statistics of I/O banks
        Info (176213): I/O bank number 1 does not use VREF pins and has undetermined VCCIO pins. 5 total pin(s) used --  6 pins available
        Info (176213): I/O bank number 2 does not use VREF pins and has undetermined VCCIO pins. 0 total pin(s) used --  8 pins available
        Info (176213): I/O bank number 3 does not use VREF pins and has undetermined VCCIO pins. 0 total pin(s) used --  11 pins available
        Info (176213): I/O bank number 4 does not use VREF pins and has undetermined VCCIO pins. 0 total pin(s) used --  14 pins available
        Info (176213): I/O bank number 5 does not use VREF pins and has undetermined VCCIO pins. 0 total pin(s) used --  13 pins available
        Info (176213): I/O bank number 6 does not use VREF pins and has undetermined VCCIO pins. 1 total pin(s) used --  9 pins available
        Info (176213): I/O bank number 7 does not use VREF pins and has undetermined VCCIO pins. 0 total pin(s) used --  13 pins available
        Info (176213): I/O bank number 8 does not use VREF pins and has undetermined VCCIO pins. 0 total pin(s) used --  12 pins available
Info (171121): Fitter preparation operations ending: elapsed time is 00:00:01
Info (14896): Fitter has disabled Advanced Physical Optimization because it is not supported for the current family.
Info (170189): Fitter placement preparation operations beginning
Info (170190): Fitter placement preparation operations ending: elapsed time is 00:00:00
Info (170191): Fitter placement operations beginning
Info (170137): Fitter placement was successful
Info (170192): Fitter placement operations ending: elapsed time is 00:00:01
Info (170193): Fitter routing operations beginning
Info (170195): Router estimated average interconnect usage is 1% of the available device resources
    Info (170196): Router estimated peak interconnect usage is 4% of the available device resources in the region that extends from location X23_Y0 to location X34_Y11
Info (170199): The Fitter performed an Auto Fit compilation.  Optimizations were skipped to reduce compilation time.
    Info (170201): Optimizations that may affect the design's routability were skipped
Info (170194): Fitter routing operations ending: elapsed time is 00:00:01
Info (11888): Total time spent on timing analysis during the Fitter is 0.21 seconds.
Info (334003): Started post-fitting delay annotation
Info (334004): Delay annotation completed successfully
Info (334003): Started post-fitting delay annotation
Info (334004): Delay annotation completed successfully
Info (11218): Fitter post-fit operations ending: elapsed time is 00:00:01
Info (144001): Generated suppressed messages file /home/taher/verilog_code/projects/risc/pipelined/output_files/top.fit.smsg
Info: Quartus Prime Fitter was successful. 0 errors, 5 warnings
    Info: Peak virtual memory: 1067 megabytes
    Info: Processing ended: Wed Jan 21 08:28:43 2026
    Info: Elapsed time: 00:00:04
    Info: Total CPU time (on all processors): 00:00:05
