Info: *******************************************************************
Info: Running Quartus Prime Analysis & Synthesis
    Info: Version 23.1std.1 Build 993 05/14/2024 SC Lite Edition
    Info: Copyright (C) 2024  Intel Corporation. All rights reserved.
    Info: Your use of Intel Corporation's design tools, logic functions 
    Info: and other software and tools, and any partner logic 
    Info: functions, and any output files from any of the foregoing 
    Info: (including device programming or simulation files), and any 
    Info: associated documentation or information are expressly subject 
    Info: to the terms and conditions of the Intel Program License 
    Info: Subscription Agreement, the Intel Quartus Prime License Agreement,
    Info: the Intel FPGA IP License Agreement, or other applicable license
    Info: agreement, including, without limitation, that your use is for
    Info: the sole purpose of programming logic devices manufactured by
    Info: Intel and sold by Intel or its authorized distributors.  Please
    Info: refer to the applicable agreement for further details, at
    Info: https://fpgasoftware.intel.com/eula.
    Info: Processing started: Wed Jan 21 14:43:32 2026
Info: Command: quartus_map --read_settings_files=on --write_settings_files=off top -c top
Warning (18236): Number of processors has not been specified which may cause overloading on shared machines.  Set the global assignment NUM_PARALLEL_PROCESSORS in your QSF to an appropriate value for best performance.
Info (20030): Parallel compilation is enabled and will use 6 of the 6 processors detected
Info (12021): Found 1 design units, including 1 entities, in source file top.v
    Info (12023): Found entity 1: top File: /home/taher/verilog_code/projects/risc/pipelined/top.v Line: 1
Info (12021): Found 1 design units, including 1 entities, in source file rca.v
    Info (12023): Found entity 1: rca File: /home/taher/verilog_code/projects/risc/pipelined/rca.v Line: 1
Info (12021): Found 1 design units, including 1 entities, in source file full_adder.v
    Info (12023): Found entity 1: full_adder File: /home/taher/verilog_code/projects/risc/pipelined/full_adder.v Line: 1
Info (12021): Found 1 design units, including 1 entities, in source file half_adder.v
    Info (12023): Found entity 1: half_adder File: /home/taher/verilog_code/projects/risc/pipelined/half_adder.v Line: 1
Info (12021): Found 1 design units, including 1 entities, in source file prog_count.v
    Info (12023): Found entity 1: prog_count File: /home/taher/verilog_code/projects/risc/pipelined/prog_count.v Line: 6
Info (12021): Found 1 design units, including 1 entities, in source file instruction_mem.v
    Info (12023): Found entity 1: instruction_mem File: /home/taher/verilog_code/projects/risc/pipelined/instruction_mem.v Line: 1
Info (12021): Found 1 design units, including 1 entities, in source file control_unit.v
    Info (12023): Found entity 1: control_unit File: /home/taher/verilog_code/projects/risc/pipelined/control_unit.v Line: 1
Info (12021): Found 1 design units, including 1 entities, in source file reg_file.v
    Info (12023): Found entity 1: reg_file File: /home/taher/verilog_code/projects/risc/pipelined/reg_file.v Line: 1
Info (12021): Found 1 design units, including 1 entities, in source file immgen.v
    Info (12023): Found entity 1: immgen File: /home/taher/verilog_code/projects/risc/pipelined/immgen.v Line: 1
Info (12021): Found 1 design units, including 1 entities, in source file alu_control.v
    Info (12023): Found entity 1: alu_control File: /home/taher/verilog_code/projects/risc/pipelined/alu_control.v Line: 1
Info (12021): Found 1 design units, including 1 entities, in source file data_mem.v
    Info (12023): Found entity 1: data_mem File: /home/taher/verilog_code/projects/risc/pipelined/data_mem.v Line: 1
Info (12021): Found 1 design units, including 1 entities, in source file alu.v
    Info (12023): Found entity 1: alu File: /home/taher/verilog_code/projects/risc/pipelined/alu.v Line: 1
Info (12127): Elaborating entity "top" for the top level hierarchy
Warning (10230): Verilog HDL assignment warning at top.v(127): truncated value with size 64 to match size of target (32) File: /home/taher/verilog_code/projects/risc/pipelined/top.v Line: 127
Info (12128): Elaborating entity "rca" for hierarchy "rca:adder1" File: /home/taher/verilog_code/projects/risc/pipelined/top.v Line: 134
Info (12128): Elaborating entity "full_adder" for hierarchy "rca:adder1|full_adder:stage[0].FA" File: /home/taher/verilog_code/projects/risc/pipelined/rca.v Line: 29
Info (12128): Elaborating entity "half_adder" for hierarchy "rca:adder1|full_adder:stage[0].FA|half_adder:HA0" File: /home/taher/verilog_code/projects/risc/pipelined/full_adder.v Line: 14
Info (12128): Elaborating entity "prog_count" for hierarchy "prog_count:Program_counter" File: /home/taher/verilog_code/projects/risc/pipelined/top.v Line: 142
Info (12128): Elaborating entity "instruction_mem" for hierarchy "instruction_mem:Instruction_MEM" File: /home/taher/verilog_code/projects/risc/pipelined/top.v Line: 148
Warning (10850): Verilog HDL warning at instruction_mem.v(12): number of words (6) in memory file does not match the number of elements in the address range [0:1023] File: /home/taher/verilog_code/projects/risc/pipelined/instruction_mem.v Line: 12
Warning (10030): Net "mem.data_a" at instruction_mem.v(16) has no driver or initial value, using a default initial value '0' File: /home/taher/verilog_code/projects/risc/pipelined/instruction_mem.v Line: 16
Warning (10030): Net "mem.waddr_a" at instruction_mem.v(16) has no driver or initial value, using a default initial value '0' File: /home/taher/verilog_code/projects/risc/pipelined/instruction_mem.v Line: 16
Warning (10030): Net "mem.we_a" at instruction_mem.v(16) has no driver or initial value, using a default initial value '0' File: /home/taher/verilog_code/projects/risc/pipelined/instruction_mem.v Line: 16
Info (12128): Elaborating entity "control_unit" for hierarchy "control_unit:Control_Unit" File: /home/taher/verilog_code/projects/risc/pipelined/top.v Line: 169
Info (12128): Elaborating entity "reg_file" for hierarchy "reg_file:Reg_file" File: /home/taher/verilog_code/projects/risc/pipelined/top.v Line: 182
Info (12128): Elaborating entity "immgen" for hierarchy "immgen:ImmGen" File: /home/taher/verilog_code/projects/risc/pipelined/top.v Line: 190
Info (12128): Elaborating entity "alu" for hierarchy "alu:ALU" File: /home/taher/verilog_code/projects/risc/pipelined/top.v Line: 251
Info (12128): Elaborating entity "alu_control" for hierarchy "alu_control:ALU_Control" File: /home/taher/verilog_code/projects/risc/pipelined/top.v Line: 259
Info (12128): Elaborating entity "data_mem" for hierarchy "data_mem:Data_MEM" File: /home/taher/verilog_code/projects/risc/pipelined/top.v Line: 304
Warning (12011): Net is missing source, defaulting to GND
    Warning (12110): Net "prog_counter_addr[31]" is missing source, defaulting to GND File: /home/taher/verilog_code/projects/risc/pipelined/top.v Line: 56
    Warning (12110): Net "prog_counter_addr[30]" is missing source, defaulting to GND File: /home/taher/verilog_code/projects/risc/pipelined/top.v Line: 56
    Warning (12110): Net "prog_counter_addr[29]" is missing source, defaulting to GND File: /home/taher/verilog_code/projects/risc/pipelined/top.v Line: 56
    Warning (12110): Net "prog_counter_addr[28]" is missing source, defaulting to GND File: /home/taher/verilog_code/projects/risc/pipelined/top.v Line: 56
    Warning (12110): Net "prog_counter_addr[27]" is missing source, defaulting to GND File: /home/taher/verilog_code/projects/risc/pipelined/top.v Line: 56
    Warning (12110): Net "prog_counter_addr[26]" is missing source, defaulting to GND File: /home/taher/verilog_code/projects/risc/pipelined/top.v Line: 56
    Warning (12110): Net "prog_counter_addr[25]" is missing source, defaulting to GND File: /home/taher/verilog_code/projects/risc/pipelined/top.v Line: 56
    Warning (12110): Net "prog_counter_addr[24]" is missing source, defaulting to GND File: /home/taher/verilog_code/projects/risc/pipelined/top.v Line: 56
    Warning (12110): Net "prog_counter_addr[23]" is missing source, defaulting to GND File: /home/taher/verilog_code/projects/risc/pipelined/top.v Line: 56
    Warning (12110): Net "prog_counter_addr[22]" is missing source, defaulting to GND File: /home/taher/verilog_code/projects/risc/pipelined/top.v Line: 56
    Warning (12110): Net "prog_counter_addr[21]" is missing source, defaulting to GND File: /home/taher/verilog_code/projects/risc/pipelined/top.v Line: 56
    Warning (12110): Net "prog_counter_addr[20]" is missing source, defaulting to GND File: /home/taher/verilog_code/projects/risc/pipelined/top.v Line: 56
    Warning (12110): Net "prog_counter_addr[19]" is missing source, defaulting to GND File: /home/taher/verilog_code/projects/risc/pipelined/top.v Line: 56
    Warning (12110): Net "prog_counter_addr[18]" is missing source, defaulting to GND File: /home/taher/verilog_code/projects/risc/pipelined/top.v Line: 56
    Warning (12110): Net "prog_counter_addr[17]" is missing source, defaulting to GND File: /home/taher/verilog_code/projects/risc/pipelined/top.v Line: 56
    Warning (12110): Net "prog_counter_addr[16]" is missing source, defaulting to GND File: /home/taher/verilog_code/projects/risc/pipelined/top.v Line: 56
    Warning (12110): Net "prog_counter_addr[15]" is missing source, defaulting to GND File: /home/taher/verilog_code/projects/risc/pipelined/top.v Line: 56
    Warning (12110): Net "prog_counter_addr[14]" is missing source, defaulting to GND File: /home/taher/verilog_code/projects/risc/pipelined/top.v Line: 56
    Warning (12110): Net "prog_counter_addr[13]" is missing source, defaulting to GND File: /home/taher/verilog_code/projects/risc/pipelined/top.v Line: 56
    Warning (12110): Net "prog_counter_addr[12]" is missing source, defaulting to GND File: /home/taher/verilog_code/projects/risc/pipelined/top.v Line: 56
    Warning (12110): Net "prog_counter_addr[11]" is missing source, defaulting to GND File: /home/taher/verilog_code/projects/risc/pipelined/top.v Line: 56
    Warning (12110): Net "prog_counter_addr[10]" is missing source, defaulting to GND File: /home/taher/verilog_code/projects/risc/pipelined/top.v Line: 56
Warning (12011): Net is missing source, defaulting to GND
    Warning (12110): Net "prog_counter_addr[31]" is missing source, defaulting to GND File: /home/taher/verilog_code/projects/risc/pipelined/top.v Line: 56
    Warning (12110): Net "prog_counter_addr[30]" is missing source, defaulting to GND File: /home/taher/verilog_code/projects/risc/pipelined/top.v Line: 56
    Warning (12110): Net "prog_counter_addr[29]" is missing source, defaulting to GND File: /home/taher/verilog_code/projects/risc/pipelined/top.v Line: 56
    Warning (12110): Net "prog_counter_addr[28]" is missing source, defaulting to GND File: /home/taher/verilog_code/projects/risc/pipelined/top.v Line: 56
    Warning (12110): Net "prog_counter_addr[27]" is missing source, defaulting to GND File: /home/taher/verilog_code/projects/risc/pipelined/top.v Line: 56
    Warning (12110): Net "prog_counter_addr[26]" is missing source, defaulting to GND File: /home/taher/verilog_code/projects/risc/pipelined/top.v Line: 56
    Warning (12110): Net "prog_counter_addr[25]" is missing source, defaulting to GND File: /home/taher/verilog_code/projects/risc/pipelined/top.v Line: 56
    Warning (12110): Net "prog_counter_addr[24]" is missing source, defaulting to GND File: /home/taher/verilog_code/projects/risc/pipelined/top.v Line: 56
    Warning (12110): Net "prog_counter_addr[23]" is missing source, defaulting to GND File: /home/taher/verilog_code/projects/risc/pipelined/top.v Line: 56
    Warning (12110): Net "prog_counter_addr[22]" is missing source, defaulting to GND File: /home/taher/verilog_code/projects/risc/pipelined/top.v Line: 56
    Warning (12110): Net "prog_counter_addr[21]" is missing source, defaulting to GND File: /home/taher/verilog_code/projects/risc/pipelined/top.v Line: 56
    Warning (12110): Net "prog_counter_addr[20]" is missing source, defaulting to GND File: /home/taher/verilog_code/projects/risc/pipelined/top.v Line: 56
    Warning (12110): Net "prog_counter_addr[19]" is missing source, defaulting to GND File: /home/taher/verilog_code/projects/risc/pipelined/top.v Line: 56
    Warning (12110): Net "prog_counter_addr[18]" is missing source, defaulting to GND File: /home/taher/verilog_code/projects/risc/pipelined/top.v Line: 56
    Warning (12110): Net "prog_counter_addr[17]" is missing source, defaulting to GND File: /home/taher/verilog_code/projects/risc/pipelined/top.v Line: 56
    Warning (12110): Net "prog_counter_addr[16]" is missing source, defaulting to GND File: /home/taher/verilog_code/projects/risc/pipelined/top.v Line: 56
    Warning (12110): Net "prog_counter_addr[15]" is missing source, defaulting to GND File: /home/taher/verilog_code/projects/risc/pipelined/top.v Line: 56
    Warning (12110): Net "prog_counter_addr[14]" is missing source, defaulting to GND File: /home/taher/verilog_code/projects/risc/pipelined/top.v Line: 56
    Warning (12110): Net "prog_counter_addr[13]" is missing source, defaulting to GND File: /home/taher/verilog_code/projects/risc/pipelined/top.v Line: 56
    Warning (12110): Net "prog_counter_addr[12]" is missing source, defaulting to GND File: /home/taher/verilog_code/projects/risc/pipelined/top.v Line: 56
    Warning (12110): Net "prog_counter_addr[11]" is missing source, defaulting to GND File: /home/taher/verilog_code/projects/risc/pipelined/top.v Line: 56
    Warning (12110): Net "prog_counter_addr[10]" is missing source, defaulting to GND File: /home/taher/verilog_code/projects/risc/pipelined/top.v Line: 56
Info (19000): Inferred 3 megafunctions from design logic
    Info (276029): Inferred altsyncram megafunction from the following design logic: "instruction_mem:Instruction_MEM|mem_rtl_0" 
        Info (286033): Parameter OPERATION_MODE set to ROM
        Info (286033): Parameter WIDTH_A set to 32
        Info (286033): Parameter WIDTHAD_A set to 10
        Info (286033): Parameter NUMWORDS_A set to 1024
        Info (286033): Parameter OUTDATA_REG_A set to UNREGISTERED
        Info (286033): Parameter ADDRESS_ACLR_A set to NONE
        Info (286033): Parameter OUTDATA_ACLR_A set to NONE
        Info (286033): Parameter INDATA_ACLR_A set to NONE
        Info (286033): Parameter WRCONTROL_ACLR_A set to NONE
        Info (286033): Parameter RAM_BLOCK_TYPE set to M9K
        Info (286033): Parameter INIT_FILE set to db/top.ram0_instruction_mem_8ed0968d.hdl.mif
    Info (276029): Inferred altsyncram megafunction from the following design logic: "reg_file:Reg_file|mem_rtl_0" 
        Info (286033): Parameter OPERATION_MODE set to DUAL_PORT
        Info (286033): Parameter WIDTH_A set to 32
        Info (286033): Parameter WIDTHAD_A set to 5
        Info (286033): Parameter NUMWORDS_A set to 32
        Info (286033): Parameter WIDTH_B set to 32
        Info (286033): Parameter WIDTHAD_B set to 5
        Info (286033): Parameter NUMWORDS_B set to 32
        Info (286033): Parameter ADDRESS_ACLR_A set to NONE
        Info (286033): Parameter OUTDATA_REG_B set to UNREGISTERED
        Info (286033): Parameter ADDRESS_ACLR_B set to NONE
        Info (286033): Parameter OUTDATA_ACLR_B set to NONE
        Info (286033): Parameter ADDRESS_REG_B set to CLOCK0
        Info (286033): Parameter INDATA_ACLR_A set to NONE
        Info (286033): Parameter WRCONTROL_ACLR_A set to NONE
        Info (286033): Parameter RAM_BLOCK_TYPE set to M9K
        Info (286033): Parameter INIT_FILE set to db/top.ram0_reg_file_4b54ae22.hdl.mif
        Info (286033): Parameter READ_DURING_WRITE_MODE_MIXED_PORTS set to OLD_DATA
    Info (276029): Inferred altsyncram megafunction from the following design logic: "reg_file:Reg_file|mem_rtl_1" 
        Info (286033): Parameter OPERATION_MODE set to DUAL_PORT
        Info (286033): Parameter WIDTH_A set to 32
        Info (286033): Parameter WIDTHAD_A set to 5
        Info (286033): Parameter NUMWORDS_A set to 32
        Info (286033): Parameter WIDTH_B set to 32
        Info (286033): Parameter WIDTHAD_B set to 5
        Info (286033): Parameter NUMWORDS_B set to 32
        Info (286033): Parameter ADDRESS_ACLR_A set to NONE
        Info (286033): Parameter OUTDATA_REG_B set to UNREGISTERED
        Info (286033): Parameter ADDRESS_ACLR_B set to NONE
        Info (286033): Parameter OUTDATA_ACLR_B set to NONE
        Info (286033): Parameter ADDRESS_REG_B set to CLOCK0
        Info (286033): Parameter INDATA_ACLR_A set to NONE
        Info (286033): Parameter WRCONTROL_ACLR_A set to NONE
        Info (286033): Parameter RAM_BLOCK_TYPE set to M9K
        Info (286033): Parameter INIT_FILE set to db/top.ram0_reg_file_4b54ae22.hdl.mif
        Info (286033): Parameter READ_DURING_WRITE_MODE_MIXED_PORTS set to OLD_DATA
Info (12130): Elaborated megafunction instantiation "instruction_mem:Instruction_MEM|altsyncram:mem_rtl_0"
Info (12133): Instantiated megafunction "instruction_mem:Instruction_MEM|altsyncram:mem_rtl_0" with the following parameter:
    Info (12134): Parameter "OPERATION_MODE" = "ROM"
    Info (12134): Parameter "WIDTH_A" = "32"
    Info (12134): Parameter "WIDTHAD_A" = "10"
    Info (12134): Parameter "NUMWORDS_A" = "1024"
    Info (12134): Parameter "OUTDATA_REG_A" = "UNREGISTERED"
    Info (12134): Parameter "ADDRESS_ACLR_A" = "NONE"
    Info (12134): Parameter "OUTDATA_ACLR_A" = "NONE"
    Info (12134): Parameter "INDATA_ACLR_A" = "NONE"
    Info (12134): Parameter "WRCONTROL_ACLR_A" = "NONE"
    Info (12134): Parameter "RAM_BLOCK_TYPE" = "M9K"
    Info (12134): Parameter "INIT_FILE" = "db/top.ram0_instruction_mem_8ed0968d.hdl.mif"
Info (12021): Found 1 design units, including 1 entities, in source file db/altsyncram_id91.tdf
    Info (12023): Found entity 1: altsyncram_id91 File: /home/taher/verilog_code/projects/risc/pipelined/db/altsyncram_id91.tdf Line: 28
Info (12130): Elaborated megafunction instantiation "reg_file:Reg_file|altsyncram:mem_rtl_0"
Info (12133): Instantiated megafunction "reg_file:Reg_file|altsyncram:mem_rtl_0" with the following parameter:
    Info (12134): Parameter "OPERATION_MODE" = "DUAL_PORT"
    Info (12134): Parameter "WIDTH_A" = "32"
    Info (12134): Parameter "WIDTHAD_A" = "5"
    Info (12134): Parameter "NUMWORDS_A" = "32"
    Info (12134): Parameter "WIDTH_B" = "32"
    Info (12134): Parameter "WIDTHAD_B" = "5"
    Info (12134): Parameter "NUMWORDS_B" = "32"
    Info (12134): Parameter "ADDRESS_ACLR_A" = "NONE"
    Info (12134): Parameter "OUTDATA_REG_B" = "UNREGISTERED"
    Info (12134): Parameter "ADDRESS_ACLR_B" = "NONE"
    Info (12134): Parameter "OUTDATA_ACLR_B" = "NONE"
    Info (12134): Parameter "ADDRESS_REG_B" = "CLOCK0"
    Info (12134): Parameter "INDATA_ACLR_A" = "NONE"
    Info (12134): Parameter "WRCONTROL_ACLR_A" = "NONE"
    Info (12134): Parameter "RAM_BLOCK_TYPE" = "M9K"
    Info (12134): Parameter "INIT_FILE" = "db/top.ram0_reg_file_4b54ae22.hdl.mif"
    Info (12134): Parameter "READ_DURING_WRITE_MODE_MIXED_PORTS" = "OLD_DATA"
Info (12021): Found 1 design units, including 1 entities, in source file db/altsyncram_p1n1.tdf
    Info (12023): Found entity 1: altsyncram_p1n1 File: /home/taher/verilog_code/projects/risc/pipelined/db/altsyncram_p1n1.tdf Line: 28
Warning (12241): 4 hierarchies have connectivity warnings - see the Connectivity Checks report folder
Warning (13024): Output pins are stuck at VCC or GND
    Warning (13410): Pin "alu_ctrl_lines_test[3]" is stuck at GND File: /home/taher/verilog_code/projects/risc/pipelined/top.v Line: 26
Info (286030): Timing-Driven Synthesis is running
Info (17049): 22 registers lost all their fanouts during netlist optimizations.
Info (16010): Generating hard_block partition "hard_block:auto_generated_inst"
    Info (16011): Adding 0 node(s), including 0 DDIO, 0 PLL, 0 transceiver and 0 LCELL
Info (21057): Implemented 530 device resources after synthesis - the final resource count might be different
    Info (21058): Implemented 2 input pins
    Info (21059): Implemented 85 output pins
    Info (21061): Implemented 347 logic cells
    Info (21064): Implemented 96 RAM segments
Info: Quartus Prime Analysis & Synthesis was successful. 0 errors, 55 warnings
    Info: Peak virtual memory: 444 megabytes
    Info: Processing ended: Wed Jan 21 14:43:37 2026
    Info: Elapsed time: 00:00:05
    Info: Total CPU time (on all processors): 00:00:12
Info: *******************************************************************
Info: Running Quartus Prime Fitter
    Info: Version 23.1std.1 Build 993 05/14/2024 SC Lite Edition
    Info: Copyright (C) 2024  Intel Corporation. All rights reserved.
    Info: Your use of Intel Corporation's design tools, logic functions 
    Info: and other software and tools, and any partner logic 
    Info: functions, and any output files from any of the foregoing 
    Info: (including device programming or simulation files), and any 
    Info: associated documentation or information are expressly subject 
    Info: to the terms and conditions of the Intel Program License 
    Info: Subscription Agreement, the Intel Quartus Prime License Agreement,
    Info: the Intel FPGA IP License Agreement, or other applicable license
    Info: agreement, including, without limitation, that your use is for
    Info: the sole purpose of programming logic devices manufactured by
    Info: Intel and sold by Intel or its authorized distributors.  Please
    Info: refer to the applicable agreement for further details, at
    Info: https://fpgasoftware.intel.com/eula.
    Info: Processing started: Wed Jan 21 14:43:38 2026
Info: Command: quartus_fit --read_settings_files=off --write_settings_files=off top -c top
Info: qfit2_default_script.tcl version: #1
Info: Project  = top
Info: Revision = top
Warning (18236): Number of processors has not been specified which may cause overloading on shared machines.  Set the global assignment NUM_PARALLEL_PROCESSORS in your QSF to an appropriate value for best performance.
Info (20030): Parallel compilation is enabled and will use 6 of the 6 processors detected
Info (119006): Selected device EP4CE6E22C8 for design "top"
Info (21076): High junction temperature operating condition is not set. Assuming a default value of '85'.
Info (21076): Low junction temperature operating condition is not set. Assuming a default value of '0'.
Info (171003): Fitter is performing an Auto Fit compilation, which may decrease Fitter effort to reduce compilation time
Warning (292013): Feature LogicLock is only available with a valid subscription license. You can purchase a software subscription to gain full access to this feature.
Info (176444): Device migration not selected. If you intend to use device migration later, you may need to change the pin assignments as they may be incompatible with other devices
    Info (176445): Device EP4CE10E22C8 is compatible
    Info (176445): Device EP4CE15E22C8 is compatible
    Info (176445): Device EP4CE22E22C8 is compatible
Info (169124): Fitter converted 5 user pins into dedicated programming pins
    Info (169125): Pin ~ALTERA_ASDO_DATA1~ is reserved at location 6
    Info (169125): Pin ~ALTERA_FLASH_nCE_nCSO~ is reserved at location 8
    Info (169125): Pin ~ALTERA_DCLK~ is reserved at location 12
    Info (169125): Pin ~ALTERA_DATA0~ is reserved at location 13
    Info (169125): Pin ~ALTERA_nCEO~ is reserved at location 101
Warning (15714): Some pins have incomplete I/O assignments. Refer to the I/O Assignment Warnings report for details
Info (176045): Design uses memory blocks. Violating setup or hold times of memory block address registers for either read or write operations could cause memory contents to be corrupted. Make sure that all memory block address registers meet the setup and hold time requirements.
Critical Warning (169085): No exact pin location assignment(s) for 87 pins of 87 total pins. For the list of pins please refer to the I/O Assignment Warnings table in the fitter report.
Info (332104): Reading SDC File: 'top.sdc'
Critical Warning (332168): The following clock transfers have no clock uncertainty assignment. For more accurate results, apply clock uncertainty assignments or use the derive_clock_uncertainty command.
    Critical Warning (332169): From clk (Rise) to clk (Rise) (setup and hold)
Info (332129): Detected timing requirements -- optimizing circuit to achieve only the specified requirements
Info (332111): Found 1 clocks
    Info (332111):   Period   Clock Name
    Info (332111): ======== ============
    Info (332111):   20.000          clk
Info (176353): Automatically promoted node clk~input (placed in PIN 23 (CLK1, DIFFCLK_0n)) File: /home/taher/verilog_code/projects/risc/pipelined/top.v Line: 2
    Info (176355): Automatically promoted destinations to use location or clock signal Global Clock CLKCTRL_G2
Info (176233): Starting register packing
Info (176235): Finished register packing
    Extra Info (176219): No registers were packed into other blocks
Info (176214): Statistics of I/O pins that need to be placed that use the same VCCIO and VREF, before I/O pin placement
    Info (176211): Number of I/O pins in group: 86 (unused VREF, 2.5V VCCIO, 1 input, 85 output, 0 bidirectional)
        Info (176212): I/O standards used: 2.5 V.
Info (176215): I/O bank details before I/O pin placement
    Info (176214): Statistics of I/O banks
        Info (176213): I/O bank number 1 does not use VREF pins and has undetermined VCCIO pins. 5 total pin(s) used --  6 pins available
        Info (176213): I/O bank number 2 does not use VREF pins and has undetermined VCCIO pins. 0 total pin(s) used --  8 pins available
        Info (176213): I/O bank number 3 does not use VREF pins and has undetermined VCCIO pins. 0 total pin(s) used --  11 pins available
        Info (176213): I/O bank number 4 does not use VREF pins and has undetermined VCCIO pins. 0 total pin(s) used --  14 pins available
        Info (176213): I/O bank number 5 does not use VREF pins and has undetermined VCCIO pins. 0 total pin(s) used --  13 pins available
        Info (176213): I/O bank number 6 does not use VREF pins and has undetermined VCCIO pins. 1 total pin(s) used --  9 pins available
        Info (176213): I/O bank number 7 does not use VREF pins and has undetermined VCCIO pins. 0 total pin(s) used --  13 pins available
        Info (176213): I/O bank number 8 does not use VREF pins and has undetermined VCCIO pins. 0 total pin(s) used --  12 pins available
Info (176215): I/O bank details after I/O pin placement
    Info (176214): Statistics of I/O banks
        Info (176213): I/O bank number 1 does not use VREF pins and has 2.5V VCCIO pins. 11 total pin(s) used --  0 pins available
        Info (176213): I/O bank number 2 does not use VREF pins and has 2.5V VCCIO pins. 6 total pin(s) used --  2 pins available
        Info (176213): I/O bank number 3 does not use VREF pins and has 2.5V VCCIO pins. 11 total pin(s) used --  0 pins available
        Info (176213): I/O bank number 4 does not use VREF pins and has 2.5V VCCIO pins. 14 total pin(s) used --  0 pins available
        Info (176213): I/O bank number 5 does not use VREF pins and has 2.5V VCCIO pins. 11 total pin(s) used --  2 pins available
        Info (176213): I/O bank number 6 does not use VREF pins and has 2.5V VCCIO pins. 8 total pin(s) used --  2 pins available
        Info (176213): I/O bank number 7 does not use VREF pins and has 2.5V VCCIO pins. 13 total pin(s) used --  0 pins available
        Info (176213): I/O bank number 8 does not use VREF pins and has 2.5V VCCIO pins. 12 total pin(s) used --  0 pins available
Error (176208): Design has 87 pins, but Fitter can't place 6 pins
Error (176210): Can't place pin instruction_test[22] with I/O standard 2.5 V, Termination setting Off, and PCI I/O setting off due to device constraints File: /home/taher/verilog_code/projects/risc/pipelined/top.v Line: 23
    Error (169286): Too many output or bidirectional pins (7) are assigned in I/O bank 2. The I/O bank has only 6 pin location(s) supporting output operation. File: /home/taher/verilog_code/projects/risc/pipelined/top.v Line: 24
        Info (169112): Pin write_back_data_test[6] File: /home/taher/verilog_code/projects/risc/pipelined/top.v Line: 24
        Info (169112): Pin write_back_data_test[5] File: /home/taher/verilog_code/projects/risc/pipelined/top.v Line: 24
        Info (169112): Pin write_back_data_test[4] File: /home/taher/verilog_code/projects/risc/pipelined/top.v Line: 24
        Info (169112): Pin write_back_data_test[3] File: /home/taher/verilog_code/projects/risc/pipelined/top.v Line: 24
        Info (169112): Pin write_back_data_test[2] File: /home/taher/verilog_code/projects/risc/pipelined/top.v Line: 24
        Info (169112): Pin write_back_data_test[1] File: /home/taher/verilog_code/projects/risc/pipelined/top.v Line: 24
    Error (169286): Too many output or bidirectional pins (12) are assigned in I/O bank 5. The I/O bank has only 11 pin location(s) supporting output operation. File: /home/taher/verilog_code/projects/risc/pipelined/top.v Line: 24
        Info (169112): Pin write_back_data_test[18] File: /home/taher/verilog_code/projects/risc/pipelined/top.v Line: 24
        Info (169112): Pin write_back_data_test[17] File: /home/taher/verilog_code/projects/risc/pipelined/top.v Line: 24
        Info (169112): Pin write_back_data_test[16] File: /home/taher/verilog_code/projects/risc/pipelined/top.v Line: 24
        Info (169112): Pin write_back_data_test[15] File: /home/taher/verilog_code/projects/risc/pipelined/top.v Line: 24
        Info (169112): Pin write_back_data_test[14] File: /home/taher/verilog_code/projects/risc/pipelined/top.v Line: 24
        Info (169112): Pin write_back_data_test[13] File: /home/taher/verilog_code/projects/risc/pipelined/top.v Line: 24
        Info (169112): Pin write_back_data_test[12] File: /home/taher/verilog_code/projects/risc/pipelined/top.v Line: 24
        Info (169112): Pin mem2reg_ctrl_test File: /home/taher/verilog_code/projects/risc/pipelined/top.v Line: 35
        Info (169112): Pin reg_write_ctrl_test File: /home/taher/verilog_code/projects/risc/pipelined/top.v Line: 32
        Info (169112): Pin write_back_data_test[11] File: /home/taher/verilog_code/projects/risc/pipelined/top.v Line: 24
        Info (169112): Pin alu_ctrl_lines_test[0] File: /home/taher/verilog_code/projects/risc/pipelined/top.v Line: 26
    Error (169286): Too many output or bidirectional pins (9) are assigned in I/O bank 6. The I/O bank has only 8 pin location(s) supporting output operation. File: /home/taher/verilog_code/projects/risc/pipelined/top.v Line: 23
        Info (169112): Pin ~ALTERA_nCEO~
        Info (169112): Pin instruction_test[3] File: /home/taher/verilog_code/projects/risc/pipelined/top.v Line: 23
        Info (169112): Pin instruction_test[2] File: /home/taher/verilog_code/projects/risc/pipelined/top.v Line: 23
        Info (169112): Pin instruction_test[1] File: /home/taher/verilog_code/projects/risc/pipelined/top.v Line: 23
        Info (169112): Pin write_back_data_test[9] File: /home/taher/verilog_code/projects/risc/pipelined/top.v Line: 24
        Info (169112): Pin write_back_data_test[8] File: /home/taher/verilog_code/projects/risc/pipelined/top.v Line: 24
        Info (169112): Pin write_back_data_test[7] File: /home/taher/verilog_code/projects/risc/pipelined/top.v Line: 24
        Info (169112): Pin instruction_test[31] File: /home/taher/verilog_code/projects/risc/pipelined/top.v Line: 23
    Error (176209): Can't place I/O pins -- can't place pins in any other I/O bank or other I/O banks have no pins available for general purpose I/O placement
Error (176210): Can't place pin instruction_test[23] with I/O standard 2.5 V, Termination setting Off, and PCI I/O setting off due to device constraints File: /home/taher/verilog_code/projects/risc/pipelined/top.v Line: 23
    Error (169286): Too many output or bidirectional pins (7) are assigned in I/O bank 2. The I/O bank has only 6 pin location(s) supporting output operation. File: /home/taher/verilog_code/projects/risc/pipelined/top.v Line: 24
        Info (169112): Pin write_back_data_test[6] File: /home/taher/verilog_code/projects/risc/pipelined/top.v Line: 24
        Info (169112): Pin write_back_data_test[5] File: /home/taher/verilog_code/projects/risc/pipelined/top.v Line: 24
        Info (169112): Pin write_back_data_test[4] File: /home/taher/verilog_code/projects/risc/pipelined/top.v Line: 24
        Info (169112): Pin write_back_data_test[3] File: /home/taher/verilog_code/projects/risc/pipelined/top.v Line: 24
        Info (169112): Pin write_back_data_test[2] File: /home/taher/verilog_code/projects/risc/pipelined/top.v Line: 24
        Info (169112): Pin write_back_data_test[1] File: /home/taher/verilog_code/projects/risc/pipelined/top.v Line: 24
    Error (169286): Too many output or bidirectional pins (12) are assigned in I/O bank 5. The I/O bank has only 11 pin location(s) supporting output operation. File: /home/taher/verilog_code/projects/risc/pipelined/top.v Line: 24
        Info (169112): Pin write_back_data_test[18] File: /home/taher/verilog_code/projects/risc/pipelined/top.v Line: 24
        Info (169112): Pin write_back_data_test[17] File: /home/taher/verilog_code/projects/risc/pipelined/top.v Line: 24
        Info (169112): Pin write_back_data_test[16] File: /home/taher/verilog_code/projects/risc/pipelined/top.v Line: 24
        Info (169112): Pin write_back_data_test[15] File: /home/taher/verilog_code/projects/risc/pipelined/top.v Line: 24
        Info (169112): Pin write_back_data_test[14] File: /home/taher/verilog_code/projects/risc/pipelined/top.v Line: 24
        Info (169112): Pin write_back_data_test[13] File: /home/taher/verilog_code/projects/risc/pipelined/top.v Line: 24
        Info (169112): Pin write_back_data_test[12] File: /home/taher/verilog_code/projects/risc/pipelined/top.v Line: 24
        Info (169112): Pin mem2reg_ctrl_test File: /home/taher/verilog_code/projects/risc/pipelined/top.v Line: 35
        Info (169112): Pin reg_write_ctrl_test File: /home/taher/verilog_code/projects/risc/pipelined/top.v Line: 32
        Info (169112): Pin write_back_data_test[11] File: /home/taher/verilog_code/projects/risc/pipelined/top.v Line: 24
        Info (169112): Pin alu_ctrl_lines_test[0] File: /home/taher/verilog_code/projects/risc/pipelined/top.v Line: 26
    Error (169286): Too many output or bidirectional pins (9) are assigned in I/O bank 6. The I/O bank has only 8 pin location(s) supporting output operation. File: /home/taher/verilog_code/projects/risc/pipelined/top.v Line: 23
        Info (169112): Pin ~ALTERA_nCEO~
        Info (169112): Pin instruction_test[3] File: /home/taher/verilog_code/projects/risc/pipelined/top.v Line: 23
        Info (169112): Pin instruction_test[2] File: /home/taher/verilog_code/projects/risc/pipelined/top.v Line: 23
        Info (169112): Pin instruction_test[1] File: /home/taher/verilog_code/projects/risc/pipelined/top.v Line: 23
        Info (169112): Pin write_back_data_test[9] File: /home/taher/verilog_code/projects/risc/pipelined/top.v Line: 24
        Info (169112): Pin write_back_data_test[8] File: /home/taher/verilog_code/projects/risc/pipelined/top.v Line: 24
        Info (169112): Pin write_back_data_test[7] File: /home/taher/verilog_code/projects/risc/pipelined/top.v Line: 24
        Info (169112): Pin instruction_test[31] File: /home/taher/verilog_code/projects/risc/pipelined/top.v Line: 23
    Error (176209): Can't place I/O pins -- can't place pins in any other I/O bank or other I/O banks have no pins available for general purpose I/O placement
Error (176210): Can't place pin instruction_test[24] with I/O standard 2.5 V, Termination setting Off, and PCI I/O setting off due to device constraints File: /home/taher/verilog_code/projects/risc/pipelined/top.v Line: 23
    Error (169286): Too many output or bidirectional pins (7) are assigned in I/O bank 2. The I/O bank has only 6 pin location(s) supporting output operation. File: /home/taher/verilog_code/projects/risc/pipelined/top.v Line: 24
        Info (169112): Pin write_back_data_test[6] File: /home/taher/verilog_code/projects/risc/pipelined/top.v Line: 24
        Info (169112): Pin write_back_data_test[5] File: /home/taher/verilog_code/projects/risc/pipelined/top.v Line: 24
        Info (169112): Pin write_back_data_test[4] File: /home/taher/verilog_code/projects/risc/pipelined/top.v Line: 24
        Info (169112): Pin write_back_data_test[3] File: /home/taher/verilog_code/projects/risc/pipelined/top.v Line: 24
        Info (169112): Pin write_back_data_test[2] File: /home/taher/verilog_code/projects/risc/pipelined/top.v Line: 24
        Info (169112): Pin write_back_data_test[1] File: /home/taher/verilog_code/projects/risc/pipelined/top.v Line: 24
    Error (169286): Too many output or bidirectional pins (12) are assigned in I/O bank 5. The I/O bank has only 11 pin location(s) supporting output operation. File: /home/taher/verilog_code/projects/risc/pipelined/top.v Line: 24
        Info (169112): Pin write_back_data_test[18] File: /home/taher/verilog_code/projects/risc/pipelined/top.v Line: 24
        Info (169112): Pin write_back_data_test[17] File: /home/taher/verilog_code/projects/risc/pipelined/top.v Line: 24
        Info (169112): Pin write_back_data_test[16] File: /home/taher/verilog_code/projects/risc/pipelined/top.v Line: 24
        Info (169112): Pin write_back_data_test[15] File: /home/taher/verilog_code/projects/risc/pipelined/top.v Line: 24
        Info (169112): Pin write_back_data_test[14] File: /home/taher/verilog_code/projects/risc/pipelined/top.v Line: 24
        Info (169112): Pin write_back_data_test[13] File: /home/taher/verilog_code/projects/risc/pipelined/top.v Line: 24
        Info (169112): Pin write_back_data_test[12] File: /home/taher/verilog_code/projects/risc/pipelined/top.v Line: 24
        Info (169112): Pin mem2reg_ctrl_test File: /home/taher/verilog_code/projects/risc/pipelined/top.v Line: 35
        Info (169112): Pin reg_write_ctrl_test File: /home/taher/verilog_code/projects/risc/pipelined/top.v Line: 32
        Info (169112): Pin write_back_data_test[11] File: /home/taher/verilog_code/projects/risc/pipelined/top.v Line: 24
        Info (169112): Pin alu_ctrl_lines_test[0] File: /home/taher/verilog_code/projects/risc/pipelined/top.v Line: 26
    Error (169286): Too many output or bidirectional pins (9) are assigned in I/O bank 6. The I/O bank has only 8 pin location(s) supporting output operation. File: /home/taher/verilog_code/projects/risc/pipelined/top.v Line: 23
        Info (169112): Pin ~ALTERA_nCEO~
        Info (169112): Pin instruction_test[3] File: /home/taher/verilog_code/projects/risc/pipelined/top.v Line: 23
        Info (169112): Pin instruction_test[2] File: /home/taher/verilog_code/projects/risc/pipelined/top.v Line: 23
        Info (169112): Pin instruction_test[1] File: /home/taher/verilog_code/projects/risc/pipelined/top.v Line: 23
        Info (169112): Pin write_back_data_test[9] File: /home/taher/verilog_code/projects/risc/pipelined/top.v Line: 24
        Info (169112): Pin write_back_data_test[8] File: /home/taher/verilog_code/projects/risc/pipelined/top.v Line: 24
        Info (169112): Pin write_back_data_test[7] File: /home/taher/verilog_code/projects/risc/pipelined/top.v Line: 24
        Info (169112): Pin instruction_test[31] File: /home/taher/verilog_code/projects/risc/pipelined/top.v Line: 23
    Error (176209): Can't place I/O pins -- can't place pins in any other I/O bank or other I/O banks have no pins available for general purpose I/O placement
Error (176210): Can't place pin instruction_test[25] with I/O standard 2.5 V, Termination setting Off, and PCI I/O setting off due to device constraints File: /home/taher/verilog_code/projects/risc/pipelined/top.v Line: 23
    Error (169286): Too many output or bidirectional pins (7) are assigned in I/O bank 2. The I/O bank has only 6 pin location(s) supporting output operation. File: /home/taher/verilog_code/projects/risc/pipelined/top.v Line: 24
        Info (169112): Pin write_back_data_test[6] File: /home/taher/verilog_code/projects/risc/pipelined/top.v Line: 24
        Info (169112): Pin write_back_data_test[5] File: /home/taher/verilog_code/projects/risc/pipelined/top.v Line: 24
        Info (169112): Pin write_back_data_test[4] File: /home/taher/verilog_code/projects/risc/pipelined/top.v Line: 24
        Info (169112): Pin write_back_data_test[3] File: /home/taher/verilog_code/projects/risc/pipelined/top.v Line: 24
        Info (169112): Pin write_back_data_test[2] File: /home/taher/verilog_code/projects/risc/pipelined/top.v Line: 24
        Info (169112): Pin write_back_data_test[1] File: /home/taher/verilog_code/projects/risc/pipelined/top.v Line: 24
    Error (169286): Too many output or bidirectional pins (12) are assigned in I/O bank 5. The I/O bank has only 11 pin location(s) supporting output operation. File: /home/taher/verilog_code/projects/risc/pipelined/top.v Line: 24
        Info (169112): Pin write_back_data_test[18] File: /home/taher/verilog_code/projects/risc/pipelined/top.v Line: 24
        Info (169112): Pin write_back_data_test[17] File: /home/taher/verilog_code/projects/risc/pipelined/top.v Line: 24
        Info (169112): Pin write_back_data_test[16] File: /home/taher/verilog_code/projects/risc/pipelined/top.v Line: 24
        Info (169112): Pin write_back_data_test[15] File: /home/taher/verilog_code/projects/risc/pipelined/top.v Line: 24
        Info (169112): Pin write_back_data_test[14] File: /home/taher/verilog_code/projects/risc/pipelined/top.v Line: 24
        Info (169112): Pin write_back_data_test[13] File: /home/taher/verilog_code/projects/risc/pipelined/top.v Line: 24
        Info (169112): Pin write_back_data_test[12] File: /home/taher/verilog_code/projects/risc/pipelined/top.v Line: 24
        Info (169112): Pin mem2reg_ctrl_test File: /home/taher/verilog_code/projects/risc/pipelined/top.v Line: 35
        Info (169112): Pin reg_write_ctrl_test File: /home/taher/verilog_code/projects/risc/pipelined/top.v Line: 32
        Info (169112): Pin write_back_data_test[11] File: /home/taher/verilog_code/projects/risc/pipelined/top.v Line: 24
        Info (169112): Pin alu_ctrl_lines_test[0] File: /home/taher/verilog_code/projects/risc/pipelined/top.v Line: 26
    Error (169286): Too many output or bidirectional pins (9) are assigned in I/O bank 6. The I/O bank has only 8 pin location(s) supporting output operation. File: /home/taher/verilog_code/projects/risc/pipelined/top.v Line: 23
        Info (169112): Pin ~ALTERA_nCEO~
        Info (169112): Pin instruction_test[3] File: /home/taher/verilog_code/projects/risc/pipelined/top.v Line: 23
        Info (169112): Pin instruction_test[2] File: /home/taher/verilog_code/projects/risc/pipelined/top.v Line: 23
        Info (169112): Pin instruction_test[1] File: /home/taher/verilog_code/projects/risc/pipelined/top.v Line: 23
        Info (169112): Pin write_back_data_test[9] File: /home/taher/verilog_code/projects/risc/pipelined/top.v Line: 24
        Info (169112): Pin write_back_data_test[8] File: /home/taher/verilog_code/projects/risc/pipelined/top.v Line: 24
        Info (169112): Pin write_back_data_test[7] File: /home/taher/verilog_code/projects/risc/pipelined/top.v Line: 24
        Info (169112): Pin instruction_test[31] File: /home/taher/verilog_code/projects/risc/pipelined/top.v Line: 23
    Error (176209): Can't place I/O pins -- can't place pins in any other I/O bank or other I/O banks have no pins available for general purpose I/O placement
Error (176210): Can't place pin instruction_test[26] with I/O standard 2.5 V, Termination setting Off, and PCI I/O setting off due to device constraints File: /home/taher/verilog_code/projects/risc/pipelined/top.v Line: 23
    Error (169286): Too many output or bidirectional pins (7) are assigned in I/O bank 2. The I/O bank has only 6 pin location(s) supporting output operation. File: /home/taher/verilog_code/projects/risc/pipelined/top.v Line: 24
        Info (169112): Pin write_back_data_test[6] File: /home/taher/verilog_code/projects/risc/pipelined/top.v Line: 24
        Info (169112): Pin write_back_data_test[5] File: /home/taher/verilog_code/projects/risc/pipelined/top.v Line: 24
        Info (169112): Pin write_back_data_test[4] File: /home/taher/verilog_code/projects/risc/pipelined/top.v Line: 24
        Info (169112): Pin write_back_data_test[3] File: /home/taher/verilog_code/projects/risc/pipelined/top.v Line: 24
        Info (169112): Pin write_back_data_test[2] File: /home/taher/verilog_code/projects/risc/pipelined/top.v Line: 24
        Info (169112): Pin write_back_data_test[1] File: /home/taher/verilog_code/projects/risc/pipelined/top.v Line: 24
    Error (169286): Too many output or bidirectional pins (12) are assigned in I/O bank 5. The I/O bank has only 11 pin location(s) supporting output operation. File: /home/taher/verilog_code/projects/risc/pipelined/top.v Line: 24
        Info (169112): Pin write_back_data_test[18] File: /home/taher/verilog_code/projects/risc/pipelined/top.v Line: 24
        Info (169112): Pin write_back_data_test[17] File: /home/taher/verilog_code/projects/risc/pipelined/top.v Line: 24
        Info (169112): Pin write_back_data_test[16] File: /home/taher/verilog_code/projects/risc/pipelined/top.v Line: 24
        Info (169112): Pin write_back_data_test[15] File: /home/taher/verilog_code/projects/risc/pipelined/top.v Line: 24
        Info (169112): Pin write_back_data_test[14] File: /home/taher/verilog_code/projects/risc/pipelined/top.v Line: 24
        Info (169112): Pin write_back_data_test[13] File: /home/taher/verilog_code/projects/risc/pipelined/top.v Line: 24
        Info (169112): Pin write_back_data_test[12] File: /home/taher/verilog_code/projects/risc/pipelined/top.v Line: 24
        Info (169112): Pin mem2reg_ctrl_test File: /home/taher/verilog_code/projects/risc/pipelined/top.v Line: 35
        Info (169112): Pin reg_write_ctrl_test File: /home/taher/verilog_code/projects/risc/pipelined/top.v Line: 32
        Info (169112): Pin write_back_data_test[11] File: /home/taher/verilog_code/projects/risc/pipelined/top.v Line: 24
        Info (169112): Pin alu_ctrl_lines_test[0] File: /home/taher/verilog_code/projects/risc/pipelined/top.v Line: 26
    Error (169286): Too many output or bidirectional pins (9) are assigned in I/O bank 6. The I/O bank has only 8 pin location(s) supporting output operation. File: /home/taher/verilog_code/projects/risc/pipelined/top.v Line: 23
        Info (169112): Pin ~ALTERA_nCEO~
        Info (169112): Pin instruction_test[3] File: /home/taher/verilog_code/projects/risc/pipelined/top.v Line: 23
        Info (169112): Pin instruction_test[2] File: /home/taher/verilog_code/projects/risc/pipelined/top.v Line: 23
        Info (169112): Pin instruction_test[1] File: /home/taher/verilog_code/projects/risc/pipelined/top.v Line: 23
        Info (169112): Pin write_back_data_test[9] File: /home/taher/verilog_code/projects/risc/pipelined/top.v Line: 24
        Info (169112): Pin write_back_data_test[8] File: /home/taher/verilog_code/projects/risc/pipelined/top.v Line: 24
        Info (169112): Pin write_back_data_test[7] File: /home/taher/verilog_code/projects/risc/pipelined/top.v Line: 24
        Info (169112): Pin instruction_test[31] File: /home/taher/verilog_code/projects/risc/pipelined/top.v Line: 23
    Error (176209): Can't place I/O pins -- can't place pins in any other I/O bank or other I/O banks have no pins available for general purpose I/O placement
Error (176210): Can't place pin write_back_data_test[0] with I/O standard 2.5 V, Termination setting Off, and PCI I/O setting off due to device constraints File: /home/taher/verilog_code/projects/risc/pipelined/top.v Line: 24
    Error (169286): Too many output or bidirectional pins (7) are assigned in I/O bank 2. The I/O bank has only 6 pin location(s) supporting output operation. File: /home/taher/verilog_code/projects/risc/pipelined/top.v Line: 24
        Info (169112): Pin write_back_data_test[6] File: /home/taher/verilog_code/projects/risc/pipelined/top.v Line: 24
        Info (169112): Pin write_back_data_test[5] File: /home/taher/verilog_code/projects/risc/pipelined/top.v Line: 24
        Info (169112): Pin write_back_data_test[4] File: /home/taher/verilog_code/projects/risc/pipelined/top.v Line: 24
        Info (169112): Pin write_back_data_test[3] File: /home/taher/verilog_code/projects/risc/pipelined/top.v Line: 24
        Info (169112): Pin write_back_data_test[2] File: /home/taher/verilog_code/projects/risc/pipelined/top.v Line: 24
        Info (169112): Pin write_back_data_test[1] File: /home/taher/verilog_code/projects/risc/pipelined/top.v Line: 24
    Error (169286): Too many output or bidirectional pins (12) are assigned in I/O bank 5. The I/O bank has only 11 pin location(s) supporting output operation. File: /home/taher/verilog_code/projects/risc/pipelined/top.v Line: 24
        Info (169112): Pin write_back_data_test[18] File: /home/taher/verilog_code/projects/risc/pipelined/top.v Line: 24
        Info (169112): Pin write_back_data_test[17] File: /home/taher/verilog_code/projects/risc/pipelined/top.v Line: 24
        Info (169112): Pin write_back_data_test[16] File: /home/taher/verilog_code/projects/risc/pipelined/top.v Line: 24
        Info (169112): Pin write_back_data_test[15] File: /home/taher/verilog_code/projects/risc/pipelined/top.v Line: 24
        Info (169112): Pin write_back_data_test[14] File: /home/taher/verilog_code/projects/risc/pipelined/top.v Line: 24
        Info (169112): Pin write_back_data_test[13] File: /home/taher/verilog_code/projects/risc/pipelined/top.v Line: 24
        Info (169112): Pin write_back_data_test[12] File: /home/taher/verilog_code/projects/risc/pipelined/top.v Line: 24
        Info (169112): Pin mem2reg_ctrl_test File: /home/taher/verilog_code/projects/risc/pipelined/top.v Line: 35
        Info (169112): Pin reg_write_ctrl_test File: /home/taher/verilog_code/projects/risc/pipelined/top.v Line: 32
        Info (169112): Pin write_back_data_test[11] File: /home/taher/verilog_code/projects/risc/pipelined/top.v Line: 24
        Info (169112): Pin alu_ctrl_lines_test[0] File: /home/taher/verilog_code/projects/risc/pipelined/top.v Line: 26
    Error (169286): Too many output or bidirectional pins (9) are assigned in I/O bank 6. The I/O bank has only 8 pin location(s) supporting output operation. File: /home/taher/verilog_code/projects/risc/pipelined/top.v Line: 23
        Info (169112): Pin ~ALTERA_nCEO~
        Info (169112): Pin instruction_test[3] File: /home/taher/verilog_code/projects/risc/pipelined/top.v Line: 23
        Info (169112): Pin instruction_test[2] File: /home/taher/verilog_code/projects/risc/pipelined/top.v Line: 23
        Info (169112): Pin instruction_test[1] File: /home/taher/verilog_code/projects/risc/pipelined/top.v Line: 23
        Info (169112): Pin write_back_data_test[9] File: /home/taher/verilog_code/projects/risc/pipelined/top.v Line: 24
        Info (169112): Pin write_back_data_test[8] File: /home/taher/verilog_code/projects/risc/pipelined/top.v Line: 24
        Info (169112): Pin write_back_data_test[7] File: /home/taher/verilog_code/projects/risc/pipelined/top.v Line: 24
        Info (169112): Pin instruction_test[31] File: /home/taher/verilog_code/projects/risc/pipelined/top.v Line: 23
    Error (176209): Can't place I/O pins -- can't place pins in any other I/O bank or other I/O banks have no pins available for general purpose I/O placement
Error (176204): Can't place pins due to device constraints
Info (171121): Fitter preparation operations ending: elapsed time is 00:00:01
Error (171000): Can't fit design in device
Info (144001): Generated suppressed messages file /home/taher/verilog_code/projects/risc/pipelined/output_files/top.fit.smsg
Error: Quartus Prime Fitter was unsuccessful. 33 errors, 6 warnings
    Error: Peak virtual memory: 663 megabytes
    Error: Processing ended: Wed Jan 21 14:43:39 2026
    Error: Elapsed time: 00:00:01
    Error: Total CPU time (on all processors): 00:00:02
