Reading pref.tcl

# 2020.1

# vsim -c -do "run -all; quit" top_tb 
# Start time: 16:30:17 on Jan 21,2026
# Loading work.top_tb
# Loading work.top
# Loading work.rca
# Loading work.prog_count
# Loading work.instruction_mem
# Loading work.control_unit
# Loading work.reg_file
# Loading work.immgen
# Loading work.alu
# Loading work.alu_control
# Loading work.data_mem
# Loading work.full_adder
# Loading work.half_adder
# ** Warning: (vsim-3015) [PCDPC] - Port size (64) does not match connection size (32) for port 'addr_in'. The port definition is at: prog_count.v(13).
#    Time: 0 ps  Iteration: 0  Instance: /top_tb/DUT/Program_counter File: top.v Line: 142
# ** Warning: (vsim-3015) [PCDPC] - Port size (10) does not match connection size (32) for port 'addr_2_INST_MEM'. The port definition is at: prog_count.v(14).
#    Time: 0 ps  Iteration: 0  Instance: /top_tb/DUT/Program_counter File: top.v Line: 142
# ** Warning: (vsim-3015) [PCDPC] - Port size (10) does not match connection size (32) for port 'addr'. The port definition is at: instruction_mem.v(6).
#    Time: 0 ps  Iteration: 0  Instance: /top_tb/DUT/Instruction_MEM File: top.v Line: 150
# ** Warning: (vsim-3015) [PCDPC] - Port size (64) does not match connection size (32) for port 'x'. The port definition is at: rca.v(3).
#    Time: 0 ps  Iteration: 0  Instance: /top_tb/DUT/adder2 File: top.v Line: 269
# ** Warning: (vsim-2685) [TFMPC] - Too few port connections for 'Data_MEM'.  Expected 6, found 5.
#    Time: 0 ps  Iteration: 0  Instance: /top_tb/DUT/Data_MEM File: top.v Line: 304
# ** Warning: (vsim-3722) top.v(304): [TFMPC] - Missing connection for port 'clk'.
# run -all
# ** Note: $finish    : top_tb.v(60)
#    Time: 70 ns  Iteration: 0  Instance: /top_tb
# End time: 16:30:18 on Jan 21,2026, Elapsed time: 0:00:01
# Errors: 0, Warnings: 6
